<?xml version="1.0" encoding="UTF-8"?>
<!-- Generated by org.testng.reporters.JUnitXMLReporter -->
<testsuite hostname="Benzi" ignored="0" name="Electron Test" tests="1" failures="1" timestamp="09 Nov 2020 20:03:23 GMT" time="24.2" errors="0">
  <testcase name="test01_addSectionAndVerify" time="0.149" classname="SanityTests.JSONServerAPI">
    <failure type="java.lang.NullPointerException">
      <![CDATA[java.lang.NullPointerException
at Extentions.apiActions.post(apiActions.java:26)
at WorkFlows.apiFlows.postSection(apiFlows.java:23)
at SanityTests.JSONServerAPI.test01_addSectionAndVerify(JSONServerAPI.java:17)
... Removed 29 stack frames]]>
    </failure>
  </testcase> <!-- test01_addSectionAndVerify -->
</testsuite> <!-- Electron Test -->
