<?xml version="1.0" encoding="UTF-8"?>
<!-- Generated by org.testng.reporters.JUnitXMLReporter -->
<testsuite hostname="Benzi" ignored="0" name="Web Test" tests="7" failures="0" timestamp="16 Nov 2020 19:30:58 GMT" time="48.958" errors="0">
  <testcase name="test01_register" time="5.93" classname="SanityTests.nopCommerceWeb"/>
  <testcase name="test02_addToCart" time="8.893" classname="SanityTests.nopCommerceWeb"/>
  <testcase name="test03_removeFromCart" time="10.045" classname="SanityTests.nopCommerceWeb"/>
  <testcase name="test04_sortBy" time="3.695" classname="SanityTests.nopCommerceWeb"/>
  <testcase name="test05_emptySearchPopup" time="0.4" classname="SanityTests.nopCommerceWeb"/>
  <testcase name="test06_Verify" time="0.692" classname="SanityTests.nopCommerceWeb"/>
  <testcase name="test07_verifyYaxis" time="0.677" classname="SanityTests.nopCommerceWeb"/>
</testsuite> <!-- Web Test -->
